{"message":{"message":"no pg_hba.conf entry for host \"75.89.233.110\", user \"fyxazetyujcwan\", database \"de421m5fs6d8uq\", SSL off","error":{"name":"error","length":167,"severity":"FATAL","code":"28000","file":"auth.c","line":"520","routine":"ClientAuthentication"}},"timestamp":"2020-04-11T22:34:26.787Z","level":"error"}
{"message":{"message":"no pg_hba.conf entry for host \"75.89.233.110\", user \"fyxazetyujcwan\", database \"de421m5fs6d8uq\", SSL off","error":{"name":"error","length":167,"severity":"FATAL","code":"28000","file":"auth.c","line":"520","routine":"ClientAuthentication"}},"timestamp":"2020-04-11T22:34:27.409Z","level":"error"}
{"message":{"message":"select * from \"notes\" where \"id\" = $1 limit $2 - invalid input syntax for type integer: \"folders\"","error":{"name":"error","length":174,"severity":"ERROR","code":"22P02","file":"d:\\pginstaller_12.auto\\postgres.windows-x64\\src\\backend\\utils\\adt\\numutils.c","line":"259","routine":"pg_strtoint32"}},"timestamp":"2020-04-11T22:39:00.159Z","level":"error"}
{"message":{"message":"select * from \"notes\" where \"id\" = $1 limit $2 - invalid input syntax for type integer: \"notes\"","error":{"name":"error","length":172,"severity":"ERROR","code":"22P02","file":"d:\\pginstaller_12.auto\\postgres.windows-x64\\src\\backend\\utils\\adt\\numutils.c","line":"259","routine":"pg_strtoint32"}},"timestamp":"2020-04-11T22:39:00.277Z","level":"error"}
{"message":{"message":"select * from \"notes\" where \"id\" = $1 limit $2 - invalid input syntax for type integer: \"folders\"","error":{"name":"error","length":174,"severity":"ERROR","code":"22P02","file":"d:\\pginstaller_12.auto\\postgres.windows-x64\\src\\backend\\utils\\adt\\numutils.c","line":"259","routine":"pg_strtoint32"}},"timestamp":"2020-04-11T22:39:12.914Z","level":"error"}
{"message":{"message":"select * from \"notes\" where \"id\" = $1 limit $2 - invalid input syntax for type integer: \"notes\"","error":{"name":"error","length":172,"severity":"ERROR","code":"22P02","file":"d:\\pginstaller_12.auto\\postgres.windows-x64\\src\\backend\\utils\\adt\\numutils.c","line":"259","routine":"pg_strtoint32"}},"timestamp":"2020-04-11T22:39:12.958Z","level":"error"}
{"message":{"message":"select * from \"notes\" where \"id\" = $1 limit $2 - invalid input syntax for type integer: \"folders\"","error":{"name":"error","length":174,"severity":"ERROR","code":"22P02","file":"d:\\pginstaller_12.auto\\postgres.windows-x64\\src\\backend\\utils\\adt\\numutils.c","line":"259","routine":"pg_strtoint32"}},"timestamp":"2020-04-11T22:41:30.122Z","level":"error"}
{"message":{"message":"select * from \"notes\" where \"id\" = $1 limit $2 - invalid input syntax for type integer: \"notes\"","error":{"name":"error","length":172,"severity":"ERROR","code":"22P02","file":"d:\\pginstaller_12.auto\\postgres.windows-x64\\src\\backend\\utils\\adt\\numutils.c","line":"259","routine":"pg_strtoint32"}},"timestamp":"2020-04-11T22:41:30.237Z","level":"error"}
{"message":{"message":"select * from \"notes\" where \"id\" = $1 limit $2 - invalid input syntax for type integer: \"folders\"","error":{"name":"error","length":174,"severity":"ERROR","code":"22P02","file":"d:\\pginstaller_12.auto\\postgres.windows-x64\\src\\backend\\utils\\adt\\numutils.c","line":"259","routine":"pg_strtoint32"}},"timestamp":"2020-04-11T22:41:53.461Z","level":"error"}
{"message":{"message":"select * from \"notes\" where \"id\" = $1 limit $2 - invalid input syntax for type integer: \"notes\"","error":{"name":"error","length":172,"severity":"ERROR","code":"22P02","file":"d:\\pginstaller_12.auto\\postgres.windows-x64\\src\\backend\\utils\\adt\\numutils.c","line":"259","routine":"pg_strtoint32"}},"timestamp":"2020-04-11T22:41:53.477Z","level":"error"}
{"message":{"message":"select * from \"notes\" where \"id\" = $1 limit $2 - invalid input syntax for type integer: \"folders\"","error":{"name":"error","length":174,"severity":"ERROR","code":"22P02","file":"d:\\pginstaller_12.auto\\postgres.windows-x64\\src\\backend\\utils\\adt\\numutils.c","line":"259","routine":"pg_strtoint32"}},"timestamp":"2020-04-11T22:48:20.499Z","level":"error"}
{"message":{"message":"select * from \"notes\" where \"id\" = $1 limit $2 - invalid input syntax for type integer: \"notes\"","error":{"name":"error","length":172,"severity":"ERROR","code":"22P02","file":"d:\\pginstaller_12.auto\\postgres.windows-x64\\src\\backend\\utils\\adt\\numutils.c","line":"259","routine":"pg_strtoint32"}},"timestamp":"2020-04-11T22:48:20.553Z","level":"error"}
{"message":{"message":"select * from \"notes\" where \"id\" = $1 limit $2 - invalid input syntax for type integer: \"folders\"","error":{"name":"error","length":174,"severity":"ERROR","code":"22P02","file":"d:\\pginstaller_12.auto\\postgres.windows-x64\\src\\backend\\utils\\adt\\numutils.c","line":"259","routine":"pg_strtoint32"}},"timestamp":"2020-04-11T22:48:53.086Z","level":"error"}
{"message":{"message":"select * from \"notes\" where \"id\" = $1 limit $2 - invalid input syntax for type integer: \"notes\"","error":{"name":"error","length":172,"severity":"ERROR","code":"22P02","file":"d:\\pginstaller_12.auto\\postgres.windows-x64\\src\\backend\\utils\\adt\\numutils.c","line":"259","routine":"pg_strtoint32"}},"timestamp":"2020-04-11T22:48:53.143Z","level":"error"}
{"message":{"message":"select * from \"folders\" - permission denied for table folders","error":{"name":"error","length":159,"severity":"ERROR","code":"42501","file":"d:\\pginstaller_12.auto\\postgres.windows-x64\\src\\backend\\catalog\\aclchk.c","line":"3489","routine":"aclcheck_error"}},"timestamp":"2020-04-11T22:50:39.803Z","level":"error"}
{"message":{"message":"select * from \"notes\" - permission denied for table notes","error":{"name":"error","length":157,"severity":"ERROR","code":"42501","file":"d:\\pginstaller_12.auto\\postgres.windows-x64\\src\\backend\\catalog\\aclchk.c","line":"3489","routine":"aclcheck_error"}},"timestamp":"2020-04-11T22:50:39.917Z","level":"error"}
{"message":{"message":"select * from \"notes\" - permission denied for table notes","error":{"name":"error","length":157,"severity":"ERROR","code":"42501","file":"d:\\pginstaller_12.auto\\postgres.windows-x64\\src\\backend\\catalog\\aclchk.c","line":"3489","routine":"aclcheck_error"}},"timestamp":"2020-04-11T22:50:42.313Z","level":"error"}
{"message":{"message":"select * from \"folders\" - permission denied for table folders","error":{"name":"error","length":159,"severity":"ERROR","code":"42501","file":"d:\\pginstaller_12.auto\\postgres.windows-x64\\src\\backend\\catalog\\aclchk.c","line":"3489","routine":"aclcheck_error"}},"timestamp":"2020-04-11T22:50:42.394Z","level":"error"}
{"message":{"message":"select * from \"folders\" - permission denied for table folders","error":{"name":"error","length":159,"severity":"ERROR","code":"42501","file":"d:\\pginstaller_12.auto\\postgres.windows-x64\\src\\backend\\catalog\\aclchk.c","line":"3489","routine":"aclcheck_error"}},"timestamp":"2020-04-11T22:51:16.623Z","level":"error"}
{"message":{"message":"select * from \"notes\" - permission denied for table notes","error":{"name":"error","length":157,"severity":"ERROR","code":"42501","file":"d:\\pginstaller_12.auto\\postgres.windows-x64\\src\\backend\\catalog\\aclchk.c","line":"3489","routine":"aclcheck_error"}},"timestamp":"2020-04-11T22:51:16.711Z","level":"error"}
{"message":{"message":"no pg_hba.conf entry for host \"75.89.233.110\", user \"fyxazetyujcwan\", database \"de421m5fs6d8uq\", SSL off","error":{"name":"error","length":167,"severity":"FATAL","code":"28000","file":"auth.c","line":"520","routine":"ClientAuthentication"}},"timestamp":"2020-04-11T22:56:14.539Z","level":"error"}
{"message":{"message":"no pg_hba.conf entry for host \"75.89.233.110\", user \"fyxazetyujcwan\", database \"de421m5fs6d8uq\", SSL off","error":{"name":"error","length":167,"severity":"FATAL","code":"28000","file":"auth.c","line":"520","routine":"ClientAuthentication"}},"timestamp":"2020-04-11T22:56:14.588Z","level":"error"}
{"message":{"message":"no pg_hba.conf entry for host \"75.89.233.110\", user \"fyxazetyujcwan\", database \"de421m5fs6d8uq\", SSL off","error":{"name":"error","length":167,"severity":"FATAL","code":"28000","file":"auth.c","line":"520","routine":"ClientAuthentication"}},"timestamp":"2020-04-11T23:21:58.498Z","level":"error"}
{"message":{"message":"no pg_hba.conf entry for host \"75.89.233.110\", user \"fyxazetyujcwan\", database \"de421m5fs6d8uq\", SSL off","error":{"name":"error","length":167,"severity":"FATAL","code":"28000","file":"auth.c","line":"520","routine":"ClientAuthentication"}},"timestamp":"2020-04-11T23:21:58.561Z","level":"error"}
{"message":{"message":"Unable to acquire a connection","error":{}},"timestamp":"2020-04-11T23:23:55.576Z","level":"error"}
{"message":{"message":"Unable to acquire a connection","error":{}},"timestamp":"2020-04-11T23:23:55.695Z","level":"error"}
{"message":{"message":"Unable to acquire a connection","error":{}},"timestamp":"2020-04-11T23:29:07.552Z","level":"error"}
{"message":{"message":"Unable to acquire a connection","error":{}},"timestamp":"2020-04-11T23:29:07.802Z","level":"error"}
{"message":{"message":"Unable to acquire a connection","error":{}},"timestamp":"2020-04-11T23:37:02.277Z","level":"error"}
{"message":{"message":"Unable to acquire a connection","error":{}},"timestamp":"2020-04-11T23:37:02.350Z","level":"error"}
{"message":{"message":"Unable to acquire a connection","error":{}},"timestamp":"2020-04-11T23:41:14.696Z","level":"error"}
{"message":{"message":"Unable to acquire a connection","error":{}},"timestamp":"2020-04-11T23:41:14.858Z","level":"error"}
{"message":{"message":"Unable to acquire a connection","error":{}},"timestamp":"2020-04-11T23:43:32.981Z","level":"error"}
{"message":{"message":"Unable to acquire a connection","error":{}},"timestamp":"2020-04-11T23:43:33.050Z","level":"error"}
